# JRE version: Java(TM) SE Runtime Environment (21.0.12+7) (build 21.0.12+7-LTS-205)
# Java VM: Java HotSpot(TM) 64-Bit Server VM (21.0.12+7-LTS-205, mixed mode, sharing, tiered, compressed oops, compressed class ptrs, g1 gc, windows-amd64)
GC Precious Log:
 CardTable entry size: 512
 Card Set container configuration: InlinePtr #cards 5 size 8 Array Of Cards #cards 12 size 40 Howl #buckets 4 coarsen threshold 1843 Howl Bitmap #cards 512 size 80 coarsen threshold 460 Card regions per heap region 1 cards per card region 2048
 CPUs: 6 total, 6 available
 Memory: 7946M
 Large Page Support: Disabled
 NUMA Support: Disabled
 Compressed Oops: Enabled (32-bit)
 Heap Region Size: 1M
 Heap Min Capacity: 8M
 Heap Initial Capacity: 126M
 Heap Max Capacity: 1988M
 Pre-touch: Disabled
 Parallel Workers: 6
 Concurrent Workers: 2
 Concurrent Refinement Workers: 6
 Periodic GC: Disabled
Heap:
 garbage-first heap   total 331776K, used 263807K [0x0000000083c00000, 0x0000000100000000)
  region size 1024K, 162 young (165888K), 11 survivors (11264K)
 Metaspace       used 135283K, committed 136832K, reserved 1179648K
  class space    used 17879K, committed 18624K, reserved 1048576K
GC Heap History (20 events):
Event: 15.669 GC heap before
{Heap before GC invocations=28 (full 0):
 garbage-first heap   total 126976K, used 95232K [0x0000000083c00000, 0x0000000100000000)
  region size 1024K, 34 young (34816K), 3 survivors (3072K)
 Metaspace       used 87185K, committed 88000K, reserved 1179648K
  class space    used 11802K, committed 12160K, reserved 1048576K
}
Event: 15.687 GC heap after
{Heap after GC invocations=29 (full 0):
 garbage-first heap   total 126976K, used 72704K [0x0000000083c00000, 0x0000000100000000)
  region size 1024K, 5 young (5120K), 5 survivors (5120K)
 Metaspace       used 87185K, committed 88000K, reserved 1179648K
  class space    used 11802K, committed 12160K, reserved 1048576K
}
Event: 15.759 GC heap before
{Heap before GC invocations=29 (full 0):
 garbage-first heap   total 126976K, used 104448K [0x0000000083c00000, 0x0000000100000000)
  region size 1024K, 36 young (36864K), 5 survivors (5120K)
 Metaspace       used 87186K, committed 88000K, reserved 1179648K
  class space    used 11802K, committed 12160K, reserved 1048576K
}
Event: 15.779 GC heap after
{Heap after GC invocations=30 (full 0):
 garbage-first heap   total 126976K, used 83456K [0x0000000083c00000, 0x0000000100000000)
  region size 1024K, 5 young (5120K), 5 survivors (5120K)
 Metaspace       used 87186K, committed 88000K, reserved 1179648K
  class space    used 11802K, committed 12160K, reserved 1048576K
}
Event: 15.801 GC heap before
{Heap before GC invocations=30 (full 0):
 garbage-first heap   total 126976K, used 96768K [0x0000000083c00000, 0x0000000100000000)
  region size 1024K, 19 young (19456K), 5 survivors (5120K)
 Metaspace       used 87187K, committed 88000K, reserved 1179648K
  class space    used 11802K, committed 12160K, reserved 1048576K
}
Event: 15.814 GC heap after
{Heap after GC invocations=31 (full 0):
 garbage-first heap   total 126976K, used 89088K [0x0000000083c00000, 0x0000000100000000)
  region size 1024K, 4 young (4096K), 4 survivors (4096K)
 Metaspace       used 87187K, committed 88000K, reserved 1179648K
  class space    used 11802K, committed 12160K, reserved 1048576K
}
Event: 15.872 GC heap before
{Heap before GC invocations=31 (full 0):
 garbage-first heap   total 183296K, used 111616K [0x0000000083c00000, 0x0000000100000000)
  region size 1024K, 24 young (24576K), 4 survivors (4096K)
 Metaspace       used 87199K, committed 88000K, reserved 1179648K
  class space    used 11802K, committed 12160K, reserved 1048576K
}
Event: 15.878 GC heap after
{Heap after GC invocations=32 (full 0):
 garbage-first heap   total 183296K, used 93116K [0x0000000083c00000, 0x0000000100000000)
  region size 1024K, 2 young (2048K), 2 survivors (2048K)
 Metaspace       used 87199K, committed 88000K, reserved 1179648K
  class space    used 11802K, committed 12160K, reserved 1048576K
}
Event: 16.186 GC heap before
{Heap before GC invocations=33 (full 0):
 garbage-first heap   total 183296K, used 141244K [0x0000000083c00000, 0x0000000100000000)
  region size 1024K, 50 young (51200K), 2 survivors (2048K)
 Metaspace       used 89189K, committed 90048K, reserved 1179648K
  class space    used 12228K, committed 12608K, reserved 1048576K
}
Event: 16.189 GC heap after
{Heap after GC invocations=34 (full 0):
 garbage-first heap   total 183296K, used 94234K [0x0000000083c00000, 0x0000000100000000)
  region size 1024K, 3 young (3072K), 3 survivors (3072K)
 Metaspace       used 89189K, committed 90048K, reserved 1179648K
  class space    used 12228K, committed 12608K, reserved 1048576K
}
Event: 16.270 GC heap before
{Heap before GC invocations=34 (full 0):
 garbage-first heap   total 183296K, used 155674K [0x0000000083c00000, 0x0000000100000000)
  region size 1024K, 63 young (64512K), 3 survivors (3072K)
 Metaspace       used 89219K, committed 90048K, reserved 1179648K
  class space    used 12228K, committed 12608K, reserved 1048576K
}
Event: 16.276 GC heap after
{Heap after GC invocations=35 (full 0):
 garbage-first heap   total 183296K, used 95374K [0x0000000083c00000, 0x0000000100000000)
  region size 1024K, 4 young (4096K), 4 survivors (4096K)
 Metaspace       used 89219K, committed 90048K, reserved 1179648K
  class space    used 12228K, committed 12608K, reserved 1048576K
}
Event: 16.871 GC heap before
{Heap before GC invocations=35 (full 0):
 garbage-first heap   total 183296K, used 157838K [0x0000000083c00000, 0x0000000100000000)
  region size 1024K, 66 young (67584K), 4 survivors (4096K)
 Metaspace       used 93215K, committed 94016K, reserved 1179648K
  class space    used 12706K, committed 13056K, reserved 1048576K
}
Event: 16.876 GC heap after
{Heap after GC invocations=36 (full 0):
 garbage-first heap   total 400384K, used 98090K [0x0000000083c00000, 0x0000000100000000)
  region size 1024K, 7 young (7168K), 7 survivors (7168K)
 Metaspace       used 93215K, committed 94016K, reserved 1179648K
  class space    used 12706K, committed 13056K, reserved 1048576K
}
Event: 28.113 GC heap before
{Heap before GC invocations=37 (full 0):
 garbage-first heap   total 331776K, used 285482K [0x0000000083c00000, 0x0000000100000000)
  region size 1024K, 194 young (198656K), 7 survivors (7168K)
 Metaspace       used 111157K, committed 112384K, reserved 1179648K
  class space    used 15178K, committed 15744K, reserved 1048576K
}
Event: 28.130 GC heap after
{Heap after GC invocations=38 (full 0):
 garbage-first heap   total 331776K, used 105656K [0x0000000083c00000, 0x0000000100000000)
  region size 1024K, 17 young (17408K), 17 survivors (17408K)
 Metaspace       used 111157K, committed 112384K, reserved 1179648K
  class space    used 15178K, committed 15744K, reserved 1048576K
}
Event: 42.360 GC heap before
{Heap before GC invocations=38 (full 0):
 garbage-first heap   total 331776K, used 284856K [0x0000000083c00000, 0x0000000100000000)
  region size 1024K, 193 young (197632K), 17 survivors (17408K)
 Metaspace       used 128077K, committed 129536K, reserved 1179648K
  class space    used 17123K, committed 17792K, reserved 1048576K
}
Event: 42.382 GC heap after
{Heap after GC invocations=39 (full 0):
 garbage-first heap   total 331776K, used 113334K [0x0000000083c00000, 0x0000000100000000)
  region size 1024K, 19 young (19456K), 19 survivors (19456K)
 Metaspace       used 128077K, committed 129536K, reserved 1179648K
  class space    used 17123K, committed 17792K, reserved 1048576K
}
Event: 45.265 GC heap before
{Heap before GC invocations=39 (full 0):
 garbage-first heap   total 331776K, used 153270K [0x0000000083c00000, 0x0000000100000000)
  region size 1024K, 59 young (60416K), 19 survivors (19456K)
 Metaspace       used 134401K, committed 135936K, reserved 1179648K
  class space    used 17828K, committed 18560K, reserved 1048576K
}
Event: 45.295 GC heap after
{Heap after GC invocations=40 (full 0):
 garbage-first heap   total 331776K, used 116351K [0x0000000083c00000, 0x0000000100000000)
  region size 1024K, 11 young (11264K), 11 survivors (11264K)
 Metaspace       used 134401K, committed 135936K, reserved 1179648K
  class space    used 17828K, committed 18560K, reserved 1048576K
}

