# JRE version: Java(TM) SE Runtime Environment (21.0.12+7) (build 21.0.12+7-LTS-205)
# Java VM: Java HotSpot(TM) 64-Bit Server VM (21.0.12+7-LTS-205, mixed mode, sharing, tiered, compressed oops, compressed class ptrs, g1 gc, windows-amd64)
GC Precious Log:
 CardTable entry size: 512
 Card Set container configuration: InlinePtr #cards 5 size 8 Array Of Cards #cards 12 size 40 Howl #buckets 4 coarsen threshold 1843 Howl Bitmap #cards 512 size 80 coarsen threshold 460 Card regions per heap region 1 cards per card region 2048
 CPUs: 6 total, 6 available
 Memory: 7946M
 Large Page Support: Disabled
 NUMA Support: Disabled
 Compressed Oops: Enabled (32-bit)
 Heap Region Size: 1M
 Heap Min Capacity: 8M
 Heap Initial Capacity: 126M
 Heap Max Capacity: 1988M
 Pre-touch: Disabled
 Parallel Workers: 6
 Concurrent Workers: 2
 Concurrent Refinement Workers: 6
 Periodic GC: Disabled
Heap:
 garbage-first heap   total 285696K, used 155236K [0x0000000083c00000, 0x0000000100000000)
  region size 1024K, 72 young (73728K), 13 survivors (13312K)
 Metaspace       used 148814K, committed 150400K, reserved 1245184K
  class space    used 17608K, committed 18368K, reserved 1048576K
GC Heap History (20 events):
Event: 25.209 GC heap before
{Heap before GC invocations=50 (full 0):
 garbage-first heap   total 184320K, used 153786K [0x0000000083c00000, 0x0000000100000000)
  region size 1024K, 55 young (56320K), 2 survivors (2048K)
 Metaspace       used 105708K, committed 106560K, reserved 1179648K
  class space    used 12713K, committed 13120K, reserved 1048576K
}
Event: 25.213 GC heap after
{Heap after GC invocations=51 (full 0):
 garbage-first heap   total 184320K, used 100429K [0x0000000083c00000, 0x0000000100000000)
  region size 1024K, 3 young (3072K), 3 survivors (3072K)
 Metaspace       used 105708K, committed 106560K, reserved 1179648K
  class space    used 12713K, committed 13120K, reserved 1048576K
}
Event: 25.444 GC heap before
{Heap before GC invocations=51 (full 0):
 garbage-first heap   total 184320K, used 158797K [0x0000000083c00000, 0x0000000100000000)
  region size 1024K, 61 young (62464K), 3 survivors (3072K)
 Metaspace       used 108090K, committed 108928K, reserved 1179648K
  class space    used 13061K, committed 13440K, reserved 1048576K
}
Event: 25.447 GC heap after
{Heap after GC invocations=52 (full 0):
 garbage-first heap   total 184320K, used 99559K [0x0000000083c00000, 0x0000000100000000)
  region size 1024K, 4 young (4096K), 4 survivors (4096K)
 Metaspace       used 108090K, committed 108928K, reserved 1179648K
  class space    used 13061K, committed 13440K, reserved 1048576K
}
Event: 25.595 GC heap before
{Heap before GC invocations=52 (full 0):
 garbage-first heap   total 184320K, used 162023K [0x0000000083c00000, 0x0000000100000000)
  region size 1024K, 65 young (66560K), 4 survivors (4096K)
 Metaspace       used 108451K, committed 109312K, reserved 1179648K
  class space    used 13107K, committed 13504K, reserved 1048576K
}
Event: 25.599 GC heap after
{Heap after GC invocations=53 (full 0):
 garbage-first heap   total 184320K, used 104796K [0x0000000083c00000, 0x0000000100000000)
  region size 1024K, 9 young (9216K), 9 survivors (9216K)
 Metaspace       used 108451K, committed 109312K, reserved 1179648K
  class space    used 13107K, committed 13504K, reserved 1048576K
}
Event: 25.710 GC heap before
{Heap before GC invocations=54 (full 0):
 garbage-first heap   total 184320K, used 141660K [0x0000000083c00000, 0x0000000100000000)
  region size 1024K, 67 young (68608K), 9 survivors (9216K)
 Metaspace       used 108451K, committed 109312K, reserved 1179648K
  class space    used 13107K, committed 13504K, reserved 1048576K
}
Event: 25.714 GC heap after
{Heap after GC invocations=55 (full 0):
 garbage-first heap   total 184320K, used 80347K [0x0000000083c00000, 0x0000000100000000)
  region size 1024K, 3 young (3072K), 3 survivors (3072K)
 Metaspace       used 108451K, committed 109312K, reserved 1179648K
  class space    used 13107K, committed 13504K, reserved 1048576K
}
Event: 26.073 GC heap before
{Heap before GC invocations=55 (full 0):
 garbage-first heap   total 184320K, used 161243K [0x0000000083c00000, 0x0000000100000000)
  region size 1024K, 82 young (83968K), 3 survivors (3072K)
 Metaspace       used 109288K, committed 110144K, reserved 1179648K
  class space    used 13234K, committed 13632K, reserved 1048576K
}
Event: 26.077 GC heap after
{Heap after GC invocations=56 (full 0):
 garbage-first heap   total 285696K, used 73240K [0x0000000083c00000, 0x0000000100000000)
  region size 1024K, 3 young (3072K), 3 survivors (3072K)
 Metaspace       used 109288K, committed 110144K, reserved 1179648K
  class space    used 13234K, committed 13632K, reserved 1048576K
}
Event: 27.875 GC heap before
{Heap before GC invocations=56 (full 0):
 garbage-first heap   total 285696K, used 241176K [0x0000000083c00000, 0x0000000100000000)
  region size 1024K, 167 young (171008K), 3 survivors (3072K)
 Metaspace       used 114151K, committed 115200K, reserved 1179648K
  class space    used 13640K, committed 14144K, reserved 1048576K
}
Event: 27.885 GC heap after
{Heap after GC invocations=57 (full 0):
 garbage-first heap   total 285696K, used 77634K [0x0000000083c00000, 0x0000000100000000)
  region size 1024K, 7 young (7168K), 7 survivors (7168K)
 Metaspace       used 114151K, committed 115200K, reserved 1179648K
  class space    used 13640K, committed 14144K, reserved 1048576K
}
Event: 29.809 GC heap before
{Heap before GC invocations=57 (full 0):
 garbage-first heap   total 285696K, used 241474K [0x0000000083c00000, 0x0000000100000000)
  region size 1024K, 167 young (171008K), 7 survivors (7168K)
 Metaspace       used 120172K, committed 121280K, reserved 1179648K
  class space    used 14390K, committed 14912K, reserved 1048576K
}
Event: 29.825 GC heap after
{Heap after GC invocations=58 (full 0):
 garbage-first heap   total 285696K, used 82922K [0x0000000083c00000, 0x0000000100000000)
  region size 1024K, 12 young (12288K), 12 survivors (12288K)
 Metaspace       used 120172K, committed 121280K, reserved 1179648K
  class space    used 14390K, committed 14912K, reserved 1048576K
}
Event: 33.248 GC heap before
{Heap before GC invocations=58 (full 0):
 garbage-first heap   total 285696K, used 241642K [0x0000000083c00000, 0x0000000100000000)
  region size 1024K, 167 young (171008K), 12 survivors (12288K)
 Metaspace       used 127790K, committed 129024K, reserved 1179648K
  class space    used 15373K, committed 15936K, reserved 1048576K
}
Event: 33.258 GC heap after
{Heap after GC invocations=59 (full 0):
 garbage-first heap   total 285696K, used 87949K [0x0000000083c00000, 0x0000000100000000)
  region size 1024K, 15 young (15360K), 15 survivors (15360K)
 Metaspace       used 127790K, committed 129024K, reserved 1179648K
  class space    used 15373K, committed 15936K, reserved 1048576K
}
Event: 36.364 GC heap before
{Heap before GC invocations=59 (full 0):
 garbage-first heap   total 285696K, used 242573K [0x0000000083c00000, 0x0000000100000000)
  region size 1024K, 167 young (171008K), 15 survivors (15360K)
 Metaspace       used 136624K, committed 137920K, reserved 1179648K
  class space    used 16452K, committed 17024K, reserved 1048576K
}
Event: 36.378 GC heap after
{Heap after GC invocations=60 (full 0):
 garbage-first heap   total 285696K, used 89843K [0x0000000083c00000, 0x0000000100000000)
  region size 1024K, 12 young (12288K), 12 survivors (12288K)
 Metaspace       used 136624K, committed 137920K, reserved 1179648K
  class space    used 16452K, committed 17024K, reserved 1048576K
}
Event: 45.464 GC heap before
{Heap before GC invocations=60 (full 0):
 garbage-first heap   total 285696K, used 248563K [0x0000000083c00000, 0x0000000100000000)
  region size 1024K, 167 young (171008K), 12 survivors (12288K)
 Metaspace       used 147448K, committed 149056K, reserved 1245184K
  class space    used 17502K, committed 18240K, reserved 1048576K
}
Event: 45.483 GC heap after
{Heap after GC invocations=61 (full 0):
 garbage-first heap   total 285696K, used 95844K [0x0000000083c00000, 0x0000000100000000)
  region size 1024K, 13 young (13312K), 13 survivors (13312K)
 Metaspace       used 147448K, committed 149056K, reserved 1245184K
  class space    used 17502K, committed 18240K, reserved 1048576K
}

